<?xml version="1.0" encoding="UTF-8"?>
<testsuite name="AnagramsTest" tests="1" skipped="0" failures="0" errors="0" timestamp="2016-04-21T23:13:54" hostname="epicodus-51.local" time="0.002">
  <properties/>
  <testcase name="runAmagrams_outputArray" classname="AnagramsTest" time="0.002"/>
  <system-out><![CDATA[]]></system-out>
  <system-err><![CDATA[]]></system-err>
</testsuite>
